
------------------------------------------------------------
Sender: LSF System <lsfadmin@hpc.dtu.dk>
Subject: Job 28335706[1]: <full_jobs[1-3]> in cluster <dcc> Done

Job <full_jobs[1-3]> was submitted from host <n-62-29-31> by user <s224363> in cluster <dcc> at Fri May  1 17:45:55 2026
Job was executed on host(s) <8*n-62-18-13>, in queue <c02613>, as user <s224363> in cluster <dcc> at Fri May  1 17:45:57 2026
</zhome/ce/3/186843> was used as the home directory.
</zhome/ce/3/186843/Documents/02613_PyHPC/02613_HPC_Project> was used as the working directory.
Started at Fri May  1 17:45:57 2026
Terminated at Fri May  1 18:04:50 2026
Results reported at Fri May  1 18:04:50 2026

Your job looked like:

------------------------------------------------------------
# LSBATCH: User input
#bin/bash.sh

#BSUB -J full_jobs[1-3]
#BSUB -o ./OUTPUTS/FULL/full_jobs%I.out
#BSUB -e ./OUTPUTS/FULL/full_jobs%I.err

#BSUB -q c02613
#BSUB -n 8
#BSUB -R "span[hosts=1]"
#BSUB -R "rusage[mem=2GB]"
#BSUB -gpu "num=1:mode=exclusive_process"

#BSUB -W 00:30

source ../init_02613.sh

time python -u PYSCRIPTS/cuda_kernel.py 1524 $LSB_JOBINDEX >> OUTPUTS/full_stats.csv
------------------------------------------------------------

Successfully completed.

Resource usage summary:

    CPU time :                                   1133.99 sec.
    Max Memory :                                 6603 MB
    Average Memory :                             5539.90 MB
    Total Requested Memory :                     16384.00 MB
    Delta Memory :                               9781.00 MB
    Max Swap :                                   -
    Max Processes :                              4
    Max Threads :                                10
    Run time :                                   1133 sec.
    Turnaround time :                            1135 sec.

The output (if any) is above this job summary.



PS:

Read file <./OUTPUTS/FULL/full_jobs1.err> for stderr output of this job.

