ARRAY_END_TIME: Fri May  1 18:44:51 CEST 2026

------------------------------------------------------------
Sender: LSF System <lsfadmin@hpc.dtu.dk>
Subject: Job 28335707: <stoptime> in cluster <dcc> Done

Job <stoptime> was submitted from host <n-62-29-31> by user <s224363> in cluster <dcc> at Fri May  1 17:45:55 2026
Job was executed on host(s) <n-62-28-33>, in queue <hpc>, as user <s224363> in cluster <dcc> at Fri May  1 18:44:50 2026
</zhome/ce/3/186843> was used as the home directory.
</zhome/ce/3/186843/Documents/02613_PyHPC/02613_HPC_Project> was used as the working directory.
Started at Fri May  1 18:44:50 2026
Terminated at Fri May  1 18:44:51 2026
Results reported at Fri May  1 18:44:51 2026

Your job looked like:

------------------------------------------------------------
# LSBATCH: User input
#bin/bash.sh

#BSUB -J stoptime
#BSUB -o ./OUTPUTS/FULL/stoptime.out
#BSUB -e ./OUTPUTS/FULL/stoptime.err

#BSUB -q hpc
#BSUB -n 1
#BSUB -R "span[hosts=1]"
#BSUB -R "rusage[mem=64MB]"
#BSUB -w full_jobs

#BSUB -W 00:05

echo "ARRAY_END_TIME: $(date)"
------------------------------------------------------------

Successfully completed.

Resource usage summary:

    CPU time :                                   0.38 sec.
    Max Memory :                                 -
    Average Memory :                             -
    Total Requested Memory :                     64.00 MB
    Delta Memory :                               -
    Max Swap :                                   -
    Max Processes :                              -
    Max Threads :                                -
    Run time :                                   1 sec.
    Turnaround time :                            3536 sec.

The output (if any) is above this job summary.