Total execution time: 126.61 seconds

------------------------------------------------------------
Sender: LSF System <lsfadmin@hpc.dtu.dk>
Subject: Job 28326179: <cuda_kernel> in cluster <dcc> Done

Job <cuda_kernel> was submitted from host <n-62-12-19> by user <s224363> in cluster <dcc> at Wed Apr 29 14:42:04 2026
Job was executed on host(s) <8*n-62-18-13>, in queue <c02613>, as user <s224363> in cluster <dcc> at Wed Apr 29 14:42:05 2026
</zhome/ce/3/186843> was used as the home directory.
</zhome/ce/3/186843/Documents/02613_PyHPC/02613_HPC_Project> was used as the working directory.
Started at Wed Apr 29 14:42:05 2026
Terminated at Wed Apr 29 14:44:16 2026
Results reported at Wed Apr 29 14:44:16 2026

Your job looked like:

------------------------------------------------------------
# LSBATCH: User input
#bin/bash.sh

#BSUB -J cuda_kernel
#BSUB -o ./OUTPUTS/cuda_kernel_initial%J.out
#BSUB -e ./OUTPUTS/cuda_kernel_initial%J.err

#BSUB -q c02613
##BSUB -q gpua100
#BSUB -n 8
#BSUB -R "span[hosts=1]"
#BSUB -R "rusage[mem=1GB]"
#BSUB -gpu "num=1:mode=exclusive_process"

#BSUB -W 00:10

source ../init_02613.sh

# python -u PYSCRIPTS/cuda_kernel_initial.py 100 >> OUTPUTS/full_stats.csv
python -u PYSCRIPTS/cuda_kernel_initial.py 100
------------------------------------------------------------

Successfully completed.

Resource usage summary:

    CPU time :                                   128.99 sec.
    Max Memory :                                 486 MB
    Average Memory :                             442.33 MB
    Total Requested Memory :                     8192.00 MB
    Delta Memory :                               7706.00 MB
    Max Swap :                                   -
    Max Processes :                              4
    Max Threads :                                10
    Run time :                                   131 sec.
    Turnaround time :                            132 sec.

The output (if any) is above this job summary.



PS:

Read file <./OUTPUTS/cuda_kernel_initial28326179.err> for stderr output of this job.

