building_id, mean_temp, std_temp, pct_above_18, pct_below_15
10000, 14.012338788112752, 6.367431059312565, 30.941014791508444, 55.542295034537624
10009, 11.000135812436369, 5.811144379826625, 16.6712734948236, 74.9723590310584
10014, 14.744169941950117, 7.037733284673849, 38.26367541377415, 52.80837116508215
10019, 14.735524480624484, 7.030325006703675, 38.14915412864569, 52.92926826787113
10029, 10.616037322820358, 6.317331938274926, 18.25563221896085, 74.51301795448481
10031, 12.507072852890545, 6.278432089100354, 24.044722033998173, 66.39513301711693
10051, 13.289039951277404, 5.999085063388632, 25.97693550756574, 62.859923608050536
10053, 11.366493551285707, 6.26121798185875, 19.9510754583921, 72.41052538787024
10056, 14.220114507861702, 6.179461157398302, 31.763454814173965, 57.06174975667784
10064, 12.716968937395848, 6.964227784263681, 28.79137124461432, 62.75688345539249
10075, 15.156939199079357, 6.440520340370851, 39.12088154756647, 47.45605511880576
10079, 15.094353507626133, 7.313911268349322, 41.90001451870493, 49.44974108309539
10080, 15.777740694240357, 7.280585752157965, 46.365765006711015, 44.711034476002
10082, 16.465720758630678, 6.713345052234242, 48.64349722630506, 40.56137689061685
10083, 15.639247995421401, 7.120808056609733, 44.855518923515284, 45.886354482120744

------------------------------------------------------------
Sender: LSF System <lsfadmin@hpc.dtu.dk>
Subject: Job 28270907: <time_cupy> in cluster <dcc> Done

Job <time_cupy> was submitted from host <n-62-12-19> by user <s224363> in cluster <dcc> at Fri Apr 24 12:30:26 2026
Job was executed on host(s) <8*n-62-18-13>, in queue <c02613>, as user <s224363> in cluster <dcc> at Fri Apr 24 12:30:27 2026
</zhome/ce/3/186843> was used as the home directory.
</zhome/ce/3/186843/Documents/02613_PyHPC/02613_HPC_Project> was used as the working directory.
Started at Fri Apr 24 12:30:27 2026
Terminated at Fri Apr 24 12:31:09 2026
Results reported at Fri Apr 24 12:31:09 2026

Your job looked like:

------------------------------------------------------------
# LSBATCH: User input
#!/bin/bash

#BSUB -J time_cupy
#BSUB -o OUTPUTS/time_cupy%J.out
#BSUB -e OUTPUTS/time_cupy%J.err

#BSUB -q c02613
#BSUB -n 8
#BSUB -R "span[hosts=1]"
#BSUB -R "rusage[mem=1GB]"
#BSUB -gpu "num=1:mode=exclusive_process"

#BSUB -W 00:30

source SHSCRIPTS/init_02613.sh

time python PYSCRIPTS/cupy_gpu.py 15
------------------------------------------------------------

Successfully completed.

Resource usage summary:

    CPU time :                                   37.87 sec.
    Max Memory :                                 125 MB
    Average Memory :                             125.00 MB
    Total Requested Memory :                     8192.00 MB
    Delta Memory :                               8067.00 MB
    Max Swap :                                   -
    Max Processes :                              4
    Max Threads :                                10
    Run time :                                   42 sec.
    Turnaround time :                            43 sec.

The output (if any) is above this job summary.



PS:

Read file <OUTPUTS/time_cupy28270907.err> for stderr output of this job.

